<?xml version="1.0" encoding="UTF-8"?>
<!-- Generated by org.testng.reporters.JUnitReportReporter -->
<testsuite skipped="0" hostname="DESKTOP-G0D562V" name="Resurrection_JenkinsParameter.Resurrection_JenkinsParameter.TestCaseOne" tests="1" failures="0" timestamp="2020-04-23T20:22:18 IST" time="13.485" errors="0">
  <testcase name="demoRun" time="13.485" classname="Resurrection_JenkinsParameter.Resurrection_JenkinsParameter.TestCaseOne"/>
  <system-out/>
</testsuite> <!-- Resurrection_JenkinsParameter.Resurrection_JenkinsParameter.TestCaseOne -->
